{"/home/benj/Documents/programmation/ptiTcpServer/src/hexToBinary.ts": {"path":"/home/benj/Documents/programmation/ptiTcpServer/src/hexToBinary.ts","statementMap":{"0":{"start":{"line":1,"column":15},"end":{"line":24,"column":2}},"1":{"start":{"line":26,"column":20},"end":{"line":33,"column":1}},"2":{"start":{"line":27,"column":25},"end":{"line":27,"column":42}},"3":{"start":{"line":28,"column":23},"end":{"line":31,"column":6}},"4":{"start":{"line":29,"column":8},"end":{"line":29,"column":null}},"5":{"start":{"line":30,"column":8},"end":{"line":30,"column":null}},"6":{"start":{"line":32,"column":4},"end":{"line":32,"column":null}},"7":{"start":{"line":35,"column":0},"end":{"line":35,"column":27}}},"fnMap":{"0":{"name":"(anonymous_0)","decl":{"start":{"line":26,"column":20},"end":{"line":26,"column":21}},"loc":{"start":{"line":26,"column":39},"end":{"line":33,"column":1}}},"1":{"name":"(anonymous_1)","decl":{"start":{"line":28,"column":43},"end":{"line":28,"column":44}},"loc":{"start":{"line":28,"column":85},"end":{"line":31,"column":5}}}},"branchMap":{},"s":{"0":1,"1":1,"2":2,"3":2,"4":11,"5":11,"6":2,"7":1},"f":{"0":2,"1":11},"b":{}}
}
